\# Program start time:     UTC 2024.01.19 06:11:41.288
\# Local time: PST (UTC-08:00) 2024.01.18 22:11:41.288
\o Program:		@(#)$CDS: virtuoso version 6.1.7-64b 12/16/2018 07:36 (sjfhw317) $
\o Hierarchy:		/w/apps3/Cadence/IC617/tools.lnx86/dfII/
\o Sub version:		sub-version  IC6.1.7-64b.500.23  (64-bit addresses)
\# Command line:	/w/apps3/Cadence/IC617/tools/dfII/bin/64bit/virtuoso
\# Host name (type):	eeapps02.seas.ucla.edu (x86_64)
\# Operating system:	Linux 3.10.0-1160.71.1.el7.x86_64 #1 SMP Wed Jun 15 08:55:08 UTC 2022
\# Linux /etc/issue:	\S
\# Linux /etc/issue:	Kernel \r on an \m
\# X display name (WxH):	localhost:14.0 (5120x1440)
\# Available geometry:			TL(0:0) BR(5119:1439)
\# X server:			Colin Harrison
\# Depth of Visual (Root):	24 (24)
\# Number of Planes Used:	24
\# X version:		11.0 (vendor release 60900031)
\# X resource pool:	base 0x800000, mask 0x1fffff (2097151), shift 0
\# 			current id 0x0, current max 0x1ffffa (2097146)
\# Max data seg size:	     unlimited
\# Max process size:	     unlimited
\# Initial sbrk value:	        474 MB
\# Available memory:	     56,875 MB
\# System memory:	     72,361 MB
\# Maximum memory size:	     71,961 MB
\# Max mem available:	     56,950 MB
\# Initial memory used:	         75 MB
\#        process size:	      1,057 MB
\# Thread usage limits (effective/default):	maxthreads 4096/4096 maxload 32.00/32.00
\# Qt version:		4.8.5
\# Window Manager:	other
\# User Name:		ahjcuniv
\o Working Directory:	eeapps02.seas.ucla.edu:/w/home.24/home/ahjcuniv/ee115c
\# Process Id:		10175
\o 
\o COPYRIGHT (C) 1992-2018  CADENCE DESIGN SYSTEMS INC.  ALL RIGHTS RESERVED.
\o           (C) 1992-2018  UNIX SYSTEMS Laboratories INC.,
\o                          Reproduced with permission.
\o 
\o This Cadence Design Systems program and online documentation are
\o proprietary/confidential information and may be disclosed/used only
\o as authorized in a license agreement controlling such use and disclosure.
\o 
\o           RESTRICTED RIGHTS NOTICE (SHORT FORM)
\o Use/reproduction/disclosure is subject to restriction
\o set forth at FAR 1252.227-19 or its equivalent.
\o Loading geView.cxt 
\o Loading menuBuilder.cxt 
\# Available memory:         56,837 MB at UTC 2024.01.19 06:11:51.093
\# Memory report: Maximum memory size now 56,958 MB at UTC 2024.01.19 06:11:51.093
\# Thread usage report: 33 active threads, active load 1.00 at UTC 2024.01.19 06:11:51.093
\o Loading schView.cxt 
\o Loading selectSv.cxt 
\o Loading wireEdit.cxt 
\o Loading pte2.cxt 
\o Loading xlUI.cxt 
\o Loading auCore.cxt 
\o Loading vhdl.cxt 
\o Loading seismic.cxt 
\o Loading ci.cxt 
\o Loading ams.cxt 
\o Virtuoso Framework License (111) was checked out successfully. Total checkout time was 0.02s.
\o END OF USER CUSTOMIZATION
\p > 
\o Loading pe.cxt 
\a _treeSetOpcGUI(t)
\r t
\a hiResizeWindow(window(1) list(383:474 1306:1105))
\r t
\a deOpen()
\p > 
\a hiiSetCurrentForm('deOpenForm)
\r t
\a hiFormCancel(deOpenForm) 
\r t
\r nil
\a deNew()
\p > 
\a hiiSetCurrentForm('deNewForm)
\r t
\a deNewForm->deCellName->value="MOS_IV"
\r "MOS_IV"
\a hiFormDone(deNewForm)
\r t
\# Displaying modal dbox "_icLicLicenseQuestionDBox", title "Next License"
\p > 
\a hiDBoxUser(_icLicLicenseQuestionDBox nil 1)
\r t
\o *INFO* (icLic-302) License Virtuoso_Schematic_Editor_XL ("95115") was used to run Schematics L.
\o Loading gpdk090/libInit.il ...
\o 	Loading gpdk090/loadCxt.ile ... done!
\o 	Loading context 'gpdk090' from library 'gpdk090' ... done!
\o 	Loading context 'pdkUtils' from library 'gpdk090' ... done!
\o 	Loading gpdk090/display.drf ... done!
\o 	Loading gpdk090/gpdk090_customFilter.il ... done!
\o 	Loading gpdk090/.simrc ... done!
\o 	Loading gpdk090/libInitCustomExit.il ... 	Loading Environment Settings ...
\w *WARNING* envSetVal: Can't set the value of variable 'extractVerifySubstrate',
\w 	in tool[.partition] 'layout' - it has not been registered.
\o 	Loading Model Management File ...
\o Loading oasis.cxt 
\o Loading analog.cxt 
\o Loading asimenv.cxt 
\o Loading spectrei.cxt 
\o Loading socket.cxt 
\o Loading dal.cxt 
\o Loading awv.cxt 
\o Loading par.cxt 
\o Loading alvs.cxt 
\o Loading caa.cxt 
\o Loading adexlCore.cxt 
\o Loading adexl.cxt 
\o Loading lx.cxt 
\o Loading lce.cxt 
\o Loading le.cxt 
\# Memory report: using         278 MB, process size 1,382 MB at UTC 2024.01.19 06:12:59.170
\o Loading rte.cxt 
\o Loading te.cxt 
\o Loading schHDL.cxt 
\o Loading devCheck.cxt 
\o Loading relXpert.cxt 
\o Loading hspiceD.cxt 
\o Loading spectreinl.cxt 
\o Loading UltraSim.cxt 
\o Loading msgHandler.cxt 
\o Loading AMSOSS.cxt 
\o Loading AMS.cxt 
\o 	Loading gpdk090/gpdk090_PDKRegistrations.il ... done!
\o 
\o   *************************************************************           
\o   *              Cadence Design Systems, Inc.                 *           
\o   *                                                           *           
\o   *                    Generic 90nm PDK                       *           
\o   *                        (gpdk090)                          *           
\o   *                                                           *           
\o   *************************************************************           
\o 	
\o 
\o 	Version : 4.6
\o 
\o 	Build date: 10-FEB-2011
\o 
\o done!
\o Loaded gpdk090/libInit.il successfully!
\o Loading schematic.cxt 
\o Loading ddui.cxt 
\o Loading vb.cxt 
\o Loading nt.cxt 
\o Loading oi.cxt 
\o Loading see.cxt 
\o Loading treeAssistant.cxt 
\o Loading asst.cxt 
\o Loading simui.cxt 
\o Loading mtv.cxt 
\o Loading leToolbox.cxt 
\a _treeNavActivateOpc(dwindow('treeAssistant1) "")
\r t
\o Loading hsm.cxt 
\r window:2
\o Loading mpt.cxt 
\a when(dwindow('oiAssistant1) hiMapWindow(dwindow('oiAssistant1)))
\r t
\a when(dwindow('treeAssistant1) hiMapWindow(dwindow('treeAssistant1)))
\r t
\a hiResizeWindow(swindow(1) list(462:288 1362:978))
\r t
\a hiResizeWindow(swindow(1) list(447:272 1347:962))
\r t
\a schHiCreateInst()
\p > 
\a hiiSetCurrentForm('schCreateInstForm)
\r t
\a schiCreateInstBrowseButtonCB(schCreateInstForm)
\r t
\i ddsServSelect("gpdk090" "" "")
\i ddsServSelect("gpdk090" "nmos1v" "")
\o Loading cdf.cxt 
\a schCreateInstForm->viewName->value="symbol"
\r "symbol"
\i ddsServSelect("gpdk090" "nmos1v" "symbol")
\a mouseAddPt(t)
\i -0.3:0.31875
\r t
\a cancelEnterFun()
\r t
\r nil
\a schHiCreateInst()
\p > 
\a schiCreateInstBrowseButtonCB(schCreateInstForm)
\r t
\i ddsServSelect("gpdk090" "pmos1v" "symbol")
\a mouseAddPt(t)
\i -0.325:-0.4125
\r t
\a cancelEnterFun()
\r t
\r nil
\a schSingleSelectPt()
\i -0.25:0.5
\r t
\a schHiObjectProperty()
\o Loading layers.cxt 
\r t
\a hiiSetCurrentForm('schObjPropForm)
\r t
\a schObjPropForm->w->value="240n M"
\r "240n M"
\a hiFormDone(schObjPropForm)
\r t
\a schSingleSelectPt()
\i -0.25:-0.25
\r t
\a schHiObjectProperty()
\r t
\a schObjPropForm->w->value="480n M"
\r "480n M"
\a hiFormDone(schObjPropForm)
\r t
\a schHiCreateInst()
\p > 
\a hiiSetCurrentForm('schCreateInstForm)
\r t
\a schiCreateInstBrowseButtonCB(schCreateInstForm)
\r t
\i ddsServSelect("analogLib" "" "")
\i ddsServSelect("analogLib" "vdc" "symbol")
\a schCreateInstForm->viewName->value="symbol"
\r "symbol"
\i ddsServSelect("analogLib" "vpwl" "symbol")
\i ddsServSelect("analogLib" "vsource" "symbol")
\i ddsServSelect("analogLib" "vsffm" "symbol")
\i ddsServSelect("analogLib" "vsin" "symbol")
\i ddsServSelect("analogLib" "vpwlf" "symbol")
\i ddsServSelect("analogLib" "vpwl" "symbol")
\i ddsServSelect("analogLib" "vexp" "symbol")
\i ddsServSelect("analogLib" "vpulse" "symbol")
\i ddsServSelect("analogLib" "vbit" "symbol")
\i ddsServSelect("analogLib" "vdc" "symbol")
\i ddsServSelect("analogLib" "vam" "symbol")
\i ddsServSelect("analogLib" "psin" "symbol")
\i ddsServSelect("analogLib" "vdc" "symbol")
\a mouseAddPt(t)
\i -1.225:0.10625
\r t
\a mouseAddPt(t)
\i 1.15625:0.16875
\r t
\a schHiMousePopUp()
\r t
\a hiPopupDown(schInstPopUp)
\r t
\a cancelEnterFun()
\r t
\r nil
\a schSingleSelectPt()
\i -1.1875:-0.125
\r t
\a schHiObjectProperty()
\r t
\a hiiSetCurrentForm('schObjPropForm)
\r t
\a schObjPropForm->instanceName->value="VGS"
\r "VGS"
\a _hiFormApplyCB(schObjPropForm)
\r t
\a hiFormDone(schObjPropForm)
\o INFO (SCH-1183): No changes were made. No objects updated.
\r t
\a schSingleSelectPt()
\i -0.6875:-0.3125
\r nil
\a schHiCheckAndSave()
\o INFO (SCH-1170): Extracting "MOS_IV schematic"
\o Warning: Pin "D" on instance "NM0": floating input/output.
\o Warning: Pin "B" on instance "NM0": floating input/output.
\o Warning: Pin "G" on instance "NM0": floating input/output.
\o Warning: Pin "S" on instance "NM0": floating input/output.
\o Warning: Pin "D" on instance "PM0": floating input/output.
\o Warning: Pin "B" on instance "PM0": floating input/output.
\o Warning: Pin "G" on instance "PM0": floating input/output.
\o Warning: Pin "S" on instance "PM0": floating input/output.
\o Warning: Pin "PLUS" on instance "V1": floating input/output.
\o Warning: Pin "MINUS" on instance "V1": floating input/output.
\o Warning: Pin "PLUS" on instance "VGS": floating input/output.
\o Warning: Pin "MINUS" on instance "VGS": floating input/output.
\o INFO (SCH-1172): There were 0 errors and 12 warnings found in "ee115c MOS_IV schematic".
\# Displaying modal dbox "_schCheckDBox", title "Schematic Check"
\p > 
\a hiDBoxOK(_schCheckDBox)
\r t
\o INFO (SCH-1181): "ee115c MOS_IV schematic" saved.
\r t
\a hiResizeWindow(window(1) list(202:634 1125:1265))
\r t
\a hiCloseWindow(swindow(1))
\o Loading cph.cxt 
\r t
\a hiQuit()
\# Displaying modal dbox "hiQuitDBox", title "Quit"
\p > 
\a hiDBoxOK(hiQuitDBox)
\r t
\o 
\# Memory report: on exit            322 MB, process size 1,429 MB at UTC 2024.01.19 08:12:11.221
\# Memory report: peak usage         322 MB, process size 1,429 MB
